2023-07-12 14:12:43,986 [INFO]: OSManager has connected
2023-07-12 14:12:43,990 [INFO]: [ConsoleMenu] has initialized
2023-07-12 14:12:47,522 [INFO]: [OSManager]: Try to clear directory .\data\logs
2023-07-12 14:12:47,526 [INFO]: [OSManager]: .\data\logs\11-07-2023, 22-06-56.log was removed
2023-07-12 14:12:47,526 [INFO]: [OSManager]: .\data\logs\11-07-2023, 22-08-15.log was removed
2023-07-12 14:12:47,526 [INFO]: [OSManager]: .\data\logs\11-07-2023, 22-22-07.log was removed
2023-07-12 14:12:47,527 [INFO]: [OSManager]: .\data\logs\11-07-2023, 22-37-52.log was removed
2023-07-12 14:12:47,529 [INFO]: [OSManager]: .\data\logs\11-07-2023, 23-56-26.log was removed
2023-07-12 14:12:47,529 [INFO]: [OSManager]: .\data\logs\11-07-2023, 23-59-05.log was removed
2023-07-12 14:12:47,530 [INFO]: [OSManager]: .\data\logs\12-07-2023, 00-01-10.log was removed
2023-07-12 14:12:47,531 [INFO]: [OSManager]: .\data\logs\12-07-2023, 00-40-07.log was removed
2023-07-12 14:12:47,531 [INFO]: [OSManager]: .\data\logs\12-07-2023, 00-41-02.log was removed
2023-07-12 14:12:47,533 [INFO]: [OSManager]: .\data\logs\12-07-2023, 00-41-31.log was removed
2023-07-12 14:12:47,533 [INFO]: [OSManager]: .\data\logs\12-07-2023, 00-41-46.log was removed
2023-07-12 14:12:47,533 [INFO]: [OSManager]: .\data\logs\12-07-2023, 00-45-22.log was removed
2023-07-12 14:12:47,534 [INFO]: [OSManager]: .\data\logs\12-07-2023, 00-45-52.log was removed
2023-07-12 14:12:47,534 [INFO]: [OSManager]: .\data\logs\12-07-2023, 00-46-43.log was removed
2023-07-12 14:12:47,535 [INFO]: [OSManager]: .\data\logs\12-07-2023, 00-46-59.log was removed
2023-07-12 14:12:47,536 [INFO]: [OSManager]: .\data\logs\12-07-2023, 00-47-55.log was removed
2023-07-12 14:12:47,536 [INFO]: [OSManager]: .\data\logs\12-07-2023, 00-48-07.log was removed
2023-07-12 14:12:47,537 [INFO]: [OSManager]: .\data\logs\12-07-2023, 00-51-35.log was removed
2023-07-12 14:12:47,538 [INFO]: [OSManager]: .\data\logs\12-07-2023, 00-55-06.log was removed
2023-07-12 14:12:47,538 [INFO]: [OSManager]: .\data\logs\12-07-2023, 00-56-21.log was removed
2023-07-12 14:12:47,539 [INFO]: [OSManager]: .\data\logs\12-07-2023, 02-04-05.log was removed
2023-07-12 14:12:47,539 [INFO]: [OSManager]: .\data\logs\12-07-2023, 02-04-43.log was removed
2023-07-12 14:12:47,540 [INFO]: [OSManager]: .\data\logs\12-07-2023, 02-05-57.log was removed
2023-07-12 14:12:47,540 [INFO]: [OSManager]: .\data\logs\12-07-2023, 02-07-57.log was removed
2023-07-12 14:12:47,540 [INFO]: [OSManager]: .\data\logs\12-07-2023, 02-09-11.log was removed
2023-07-12 14:12:47,541 [INFO]: [OSManager]: .\data\logs\12-07-2023, 02-09-18.log was removed
2023-07-12 14:12:47,541 [INFO]: [OSManager]: .\data\logs\12-07-2023, 02-09-22.log was removed
2023-07-12 14:12:47,542 [INFO]: [OSManager]: .\data\logs\12-07-2023, 02-11-53.log was removed
2023-07-12 14:12:47,542 [INFO]: [OSManager]: .\data\logs\12-07-2023, 02-12-13.log was removed
2023-07-12 14:12:47,543 [INFO]: [OSManager]: .\data\logs\12-07-2023, 02-12-30.log was removed
2023-07-12 14:12:47,544 [INFO]: [OSManager]: .\data\logs\12-07-2023, 02-15-04.log was removed
2023-07-12 14:12:47,544 [INFO]: [OSManager]: .\data\logs\12-07-2023, 02-15-11.log was removed
2023-07-12 14:12:47,545 [INFO]: [OSManager]: .\data\logs\12-07-2023, 02-15-39.log was removed
2023-07-12 14:12:47,545 [INFO]: [OSManager]: .\data\logs\12-07-2023, 02-15-45.log was removed
2023-07-12 14:12:47,546 [INFO]: [OSManager]: .\data\logs\12-07-2023, 02-16-10.log was removed
2023-07-12 14:12:47,546 [INFO]: [OSManager]: .\data\logs\12-07-2023, 02-26-28.log was removed
2023-07-12 14:12:47,547 [INFO]: [OSManager]: .\data\logs\12-07-2023, 02-27-18.log was removed
2023-07-12 14:12:47,547 [INFO]: [OSManager]: .\data\logs\12-07-2023, 02-27-54.log was removed
2023-07-12 14:12:47,548 [INFO]: [OSManager]: .\data\logs\12-07-2023, 02-29-09.log was removed
2023-07-12 14:12:47,548 [INFO]: [OSManager]: .\data\logs\12-07-2023, 02-30-11.log was removed
2023-07-12 14:12:47,549 [INFO]: [OSManager]: .\data\logs\12-07-2023, 02-31-29.log was removed
2023-07-12 14:12:47,549 [INFO]: [OSManager]: .\data\logs\12-07-2023, 02-32-13.log was removed
2023-07-12 14:12:47,550 [INFO]: [OSManager]: .\data\logs\12-07-2023, 02-32-21.log was removed
2023-07-12 14:12:47,551 [INFO]: [OSManager]: .\data\logs\12-07-2023, 02-32-52.log was removed
2023-07-12 14:12:47,551 [INFO]: [OSManager]: .\data\logs\12-07-2023, 02-33-26.log was removed
2023-07-12 14:12:47,551 [INFO]: [OSManager]: .\data\logs\12-07-2023, 02-35-14.log was removed
2023-07-12 14:12:47,552 [INFO]: [OSManager]: .\data\logs\12-07-2023, 02-35-56.log was removed
2023-07-12 14:12:47,552 [INFO]: [OSManager]: .\data\logs\12-07-2023, 02-36-00.log was removed
2023-07-12 14:12:47,553 [INFO]: [OSManager]: .\data\logs\12-07-2023, 02-36-53.log was removed
2023-07-12 14:12:47,553 [INFO]: [OSManager]: .\data\logs\12-07-2023, 02-37-27.log was removed
2023-07-12 14:12:47,554 [INFO]: [OSManager]: .\data\logs\12-07-2023, 02-38-05.log was removed
2023-07-12 14:12:47,555 [INFO]: [OSManager]: .\data\logs\12-07-2023, 02-38-44.log was removed
2023-07-12 14:12:47,555 [INFO]: [OSManager]: .\data\logs\12-07-2023, 02-39-20.log was removed
2023-07-12 14:12:47,556 [INFO]: [OSManager]: .\data\logs\12-07-2023, 02-39-38.log was removed
2023-07-12 14:12:47,556 [INFO]: [OSManager]: .\data\logs\12-07-2023, 02-39-43.log was removed
2023-07-12 14:12:47,557 [INFO]: [OSManager]: .\data\logs\12-07-2023, 02-41-41.log was removed
2023-07-12 14:12:47,557 [INFO]: [OSManager]: .\data\logs\12-07-2023, 02-43-55.log was removed
2023-07-12 14:12:47,557 [INFO]: [OSManager]: .\data\logs\12-07-2023, 02-44-02.log was removed
2023-07-12 14:12:47,558 [INFO]: [OSManager]: .\data\logs\12-07-2023, 02-44-50.log was removed
2023-07-12 14:12:47,559 [INFO]: [OSManager]: .\data\logs\12-07-2023, 02-45-11.log was removed
2023-07-12 14:12:47,559 [INFO]: [OSManager]: .\data\logs\12-07-2023, 02-45-16.log was removed
2023-07-12 14:12:47,560 [INFO]: [OSManager]: .\data\logs\12-07-2023, 02-46-31.log was removed
2023-07-12 14:12:47,560 [INFO]: [OSManager]: .\data\logs\12-07-2023, 02-46-51.log was removed
2023-07-12 14:12:47,560 [INFO]: [OSManager]: .\data\logs\12-07-2023, 02-47-28.log was removed
2023-07-12 14:12:47,561 [INFO]: [OSManager]: .\data\logs\12-07-2023, 02-47-32.log was removed
2023-07-12 14:12:47,561 [INFO]: [OSManager]: .\data\logs\12-07-2023, 02-50-18.log was removed
2023-07-12 14:12:47,562 [INFO]: [OSManager]: .\data\logs\12-07-2023, 02-50-46.log was removed
2023-07-12 14:12:47,562 [INFO]: [OSManager]: .\data\logs\12-07-2023, 02-51-59.log was removed
2023-07-12 14:12:47,563 [INFO]: [OSManager]: .\data\logs\12-07-2023, 02-52-04.log was removed
2023-07-12 14:12:47,563 [INFO]: [OSManager]: .\data\logs\12-07-2023, 12-58-06.log was removed
2023-07-12 14:12:47,563 [INFO]: [OSManager]: .\data\logs\12-07-2023, 12-59-18.log was removed
2023-07-12 14:12:47,564 [INFO]: [OSManager]: .\data\logs\12-07-2023, 12-59-22.log was removed
2023-07-12 14:12:47,564 [INFO]: [OSManager]: .\data\logs\12-07-2023, 12-59-32.log was removed
2023-07-12 14:12:47,565 [INFO]: [OSManager]: .\data\logs\12-07-2023, 13-22-41.log was removed
2023-07-12 14:12:47,565 [INFO]: [OSManager]: .\data\logs\12-07-2023, 13-23-26.log was removed
2023-07-12 14:12:47,566 [INFO]: [OSManager]: .\data\logs\12-07-2023, 13-24-39.log was removed
2023-07-12 14:12:47,566 [INFO]: [OSManager]: .\data\logs\12-07-2023, 13-25-36.log was removed
2023-07-12 14:12:47,567 [INFO]: [OSManager]: .\data\logs\12-07-2023, 13-25-43.log was removed
2023-07-12 14:12:47,567 [INFO]: [OSManager]: .\data\logs\12-07-2023, 13-27-58.log was removed
2023-07-12 14:12:47,567 [INFO]: [OSManager]: .\data\logs\12-07-2023, 13-28-51.log was removed
2023-07-12 14:12:47,568 [INFO]: [OSManager]: .\data\logs\12-07-2023, 13-32-47.log was removed
2023-07-12 14:12:47,568 [INFO]: [OSManager]: .\data\logs\12-07-2023, 13-33-21.log was removed
2023-07-12 14:12:47,569 [INFO]: [OSManager]: .\data\logs\12-07-2023, 13-36-34.log was removed
2023-07-12 14:12:47,569 [INFO]: [OSManager]: .\data\logs\12-07-2023, 13-36-52.log was removed
2023-07-12 14:12:47,569 [INFO]: [OSManager]: .\data\logs\12-07-2023, 13-38-20.log was removed
2023-07-12 14:12:47,570 [INFO]: [OSManager]: .\data\logs\12-07-2023, 13-38-41.log was removed
2023-07-12 14:12:47,570 [INFO]: [OSManager]: .\data\logs\12-07-2023, 13-38-46.log was removed
2023-07-12 14:12:47,571 [INFO]: [OSManager]: .\data\logs\12-07-2023, 13-42-09.log was removed
2023-07-12 14:12:47,571 [INFO]: [OSManager]: .\data\logs\12-07-2023, 13-44-49.log was removed
2023-07-12 14:12:47,571 [INFO]: [OSManager]: .\data\logs\12-07-2023, 13-46-16.log was removed
2023-07-12 14:12:47,571 [INFO]: [OSManager]: Completed
